app/build/outputs/logs/manifest-merger-debug-report.txt
-- Merging decision tree log ---
manifest
ADDED from src\main\AndroidManifest.xml:1:1-562:12
INJECTED from src\main\AndroidManifest.xml:1:1-562:12
INJECTED from src\main\AndroidManifest.xml:1:1-562:12
INJECTED from src\main\AndroidManifest.xml:1:1-562:12
INJECTED from src\main\AndroidManifest.xml:1:1-562:12
INJECTED from src\main\AndroidManifest.xml:1:1-562:12
INJECTED from src\main\AndroidManifest.xml:1:1-562:12
	package
		ADDED from src\main\AndroidManifest.xml:2:5-38
		INJECTED from src\main\AndroidManifest.xml
		INJECTED from src\main\AndroidManifest.xml
	android:versionName
		ADDED from src\main\AndroidManifest.xml:4:5-34
		INJECTED from src\main\AndroidManifest.xml
		INJECTED from src\main\AndroidManifest.xml
	xmlns:android
		ADDED from src\main\AndroidManifest.xml:1:11-69
	android:versionCode
		ADDED from src\main\AndroidManifest.xml:3:5-32
		INJECTED from src\main\AndroidManifest.xml
		INJECTED from src\main\AndroidManifest.xml
supports-screens
ADDED from src\main\AndroidManifest.xml:6:5-11:39
	android:largeScreens
		ADDED from src\main\AndroidManifest.xml:8:9-36
	android:smallScreens
		ADDED from src\main\AndroidManifest.xml:11:9-36
	android:normalScreens
		ADDED from src\main\AndroidManifest.xml:9:9-37
	android:resizeable
		ADDED from src\main\AndroidManifest.xml:10:9-34
	android:anyDensity
		ADDED from src\main\AndroidManifest.xml:7:9-34
uses-sdk
ADDED from src\main\AndroidManifest.xml:13:5-43
INJECTED from src\main\AndroidManifest.xml:13:5-43
INJECTED from src\main\AndroidManifest.xml:13:5-43
INJECTED from src\main\AndroidManifest.xml:13:5-43
INJECTED from src\main\AndroidManifest.xml:13:5-43
	android:targetSdkVersion
		INJECTED from src\main\AndroidManifest.xml
		ADDED from src\main\AndroidManifest.xml:13:5-43
		INJECTED from src\main\AndroidManifest.xml
	android:minSdkVersion
		ADDED from src\main\AndroidManifest.xml:13:15-40
		INJECTED from src\main\AndroidManifest.xml
		INJECTED from src\main\AndroidManifest.xml
uses-permission#android.permission.INTERNET
ADDED from src\main\AndroidManifest.xml:16:5-67
	android:name
		ADDED from src\main\AndroidManifest.xml:16:22-64
uses-permission#android.permission.WRITE_EXTERNAL_STORAGE
ADDED from src\main\AndroidManifest.xml:18:5-81
	android:name
		ADDED from src\main\AndroidManifest.xml:18:22-78
uses-permission#android.permission.ACCESS_NETWORK_STATE
ADDED from src\main\AndroidManifest.xml:20:5-78
	android:name
		ADDED from src\main\AndroidManifest.xml:20:22-76
uses-permission#android.permission.GET_TASKS
ADDED from src\main\AndroidManifest.xml:21:5-68
	android:name
		ADDED from src\main\AndroidManifest.xml:21:22-65
uses-permission#android.permission.RECORD_AUDIO
ADDED from src\main\AndroidManifest.xml:27:5-71
	android:name
		ADDED from src\main\AndroidManifest.xml:27:22-68
uses-permission#android.permission.MODIFY_AUDIO_SETTINGS
ADDED from src\main\AndroidManifest.xml:29:5-80
	android:name
		ADDED from src\main\AndroidManifest.xml:29:22-77
uses-permission#android.permission.CAMERA
ADDED from src\main\AndroidManifest.xml:35:5-65
	android:name
		ADDED from src\main\AndroidManifest.xml:35:22-62
uses-feature#android.hardware.camera
ADDED from src\main\AndroidManifest.xml:37:5-60
	android:name
		ADDED from src\main\AndroidManifest.xml:37:19-57
uses-permission#android.permission.GET_ACCOUNTS
ADDED from src\main\AndroidManifest.xml:43:5-71
	android:name
		ADDED from src\main\AndroidManifest.xml:43:22-68
uses-permission#android.permission.WRITE_CONTACTS
ADDED from src\main\AndroidManifest.xml:44:5-73
	android:name
		ADDED from src\main\AndroidManifest.xml:44:22-70
uses-permission#android.permission.READ_CONTACTS
ADDED from src\main\AndroidManifest.xml:45:5-72
	android:name
		ADDED from src\main\AndroidManifest.xml:45:22-69
uses-permission#android.permission.WAKE_LOCK
ADDED from src\main\AndroidManifest.xml:51:5-68
	android:name
		ADDED from src\main\AndroidManifest.xml:51:22-65
uses-permission#android.permission.VIBRATE
ADDED from src\main\AndroidManifest.xml:53:5-66
	android:name
		ADDED from src\main\AndroidManifest.xml:53:22-63
uses-permission#android.permission.CALL_PHONE
ADDED from src\main\AndroidManifest.xml:55:5-69
	android:name
		ADDED from src\main\AndroidManifest.xml:55:22-66
uses-permission#android.permission.ACCESS_WIFI_STATE
ADDED from src\main\AndroidManifest.xml:57:5-76
	android:name
		ADDED from src\main\AndroidManifest.xml:57:22-73
uses-permission#android.permission.READ_PHONE_STATE
ADDED from src\main\AndroidManifest.xml:60:5-75
	android:name
		ADDED from src\main\AndroidManifest.xml:60:22-72
uses-permission#android.permission.SEND_SMS
ADDED from src\main\AndroidManifest.xml:69:5-67
	android:name
		ADDED from src\main\AndroidManifest.xml:69:22-64
uses-permission#android.permission.WRITE_SMS
ADDED from src\main\AndroidManifest.xml:70:5-68
	android:name
		ADDED from src\main\AndroidManifest.xml:70:22-65
uses-permission#android.permission.READ_SMS
ADDED from src\main\AndroidManifest.xml:71:5-67
	android:name
		ADDED from src\main\AndroidManifest.xml:71:22-64
uses-permission#com.android.launcher.permission.INSTALL_SHORTCUT
ADDED from src\main\AndroidManifest.xml:79:5-88
	android:name
		ADDED from src\main\AndroidManifest.xml:79:22-85
uses-permission#com.android.launcher.permission.UNINSTALL_SHORTCUT
ADDED from src\main\AndroidManifest.xml:80:5-90
	android:name
		ADDED from src\main\AndroidManifest.xml:80:22-87
uses-feature#android.hardware.camera.autofocus
ADDED from src\main\AndroidManifest.xml:89:5-70
	android:name
		ADDED from src\main\AndroidManifest.xml:89:19-67
uses-permission#android.permission.FLASHLIGHT
ADDED from src\main\AndroidManifest.xml:92:5-69
	android:name
		ADDED from src\main\AndroidManifest.xml:92:22-66
uses-permission#android.permission.ACCESS_COARSE_LOCATION
ADDED from src\main\AndroidManifest.xml:100:5-81
	android:name
		ADDED from src\main\AndroidManifest.xml:100:22-78
uses-permission#android.permission.ACCESS_FINE_LOCATION
ADDED from src\main\AndroidManifest.xml:101:5-79
	android:name
		ADDED from src\main\AndroidManifest.xml:101:22-76
uses-permission#android.permission.WRITE_SETTINGS
ADDED from src\main\AndroidManifest.xml:102:5-73
	android:name
		ADDED from src\main\AndroidManifest.xml:102:22-70
uses-permission#android.permission.CHANGE_WIFI_STATE
ADDED from src\main\AndroidManifest.xml:104:5-76
	android:name
		ADDED from src\main\AndroidManifest.xml:104:22-73
uses-permission#android.permission.MOUNT_UNMOUNT_FILESYSTEMS
ADDED from src\main\AndroidManifest.xml:106:5-84
	android:name
		ADDED from src\main\AndroidManifest.xml:106:22-81
uses-permission#android.permission.READ_LOGS
ADDED from src\main\AndroidManifest.xml:107:5-68
	android:name
		ADDED from src\main\AndroidManifest.xml:107:22-65
uses-permission#android.permission.RECEIVE_BOOT_COMPLETED
ADDED from src\main\AndroidManifest.xml:166:5-81
	android:name
		ADDED from src\main\AndroidManifest.xml:166:22-78
uses-permission#getui.permission.GetuiService.io.dcloud.jiahucustomer
ADDED from src\main\AndroidManifest.xml:171:5-93
	android:name
		ADDED from src\main\AndroidManifest.xml:171:22-90
permission#getui.permission.GetuiService.io.dcloud.jiahucustomer
ADDED from src\main\AndroidManifest.xml:173:5-175:44
	android:protectionLevel
		ADDED from src\main\AndroidManifest.xml:175:9-41
	android:name
		ADDED from src\main\AndroidManifest.xml:174:9-77
uses-permission#android.permission.ACCESS_MOCK_LOCATION
ADDED from src\main\AndroidManifest.xml:190:5-79
	android:name
		ADDED from src\main\AndroidManifest.xml:190:22-76
uses-permission#android.permission.CHANGE_NETWORK_STATE
ADDED from src\main\AndroidManifest.xml:203:5-79
	android:name
		ADDED from src\main\AndroidManifest.xml:203:22-76
uses-permission#android.permission.RECEIVE_USER_PRESENT
ADDED from src\main\AndroidManifest.xml:212:5-79
	android:name
		ADDED from src\main\AndroidManifest.xml:212:22-76
uses-permission#com.xiaomi.permission.AUTH_SERVICE
ADDED from src\main\AndroidManifest.xml:221:5-73
	android:name
		ADDED from src\main\AndroidManifest.xml:221:22-71
application
ADDED from src\main\AndroidManifest.xml:225:5-560:19
	android:label
		ADDED from src\main\AndroidManifest.xml:228:9-41
	android:allowClearUserData
		ADDED from src\main\AndroidManifest.xml:226:9-42
	android:largeHeap
		ADDED from src\main\AndroidManifest.xml:229:9-33
	android:icon
		ADDED from src\main\AndroidManifest.xml:227:9-38
	android:name
		ADDED from src\main\AndroidManifest.xml:230:9-63
activity#io.dcloud.PandoraEntry
ADDED from src\main\AndroidManifest.xml:232:9-246:20
	android:screenOrientation
		ADDED from src\main\AndroidManifest.xml:239:13-45
	android:label
		ADDED from src\main\AndroidManifest.xml:235:13-45
	android:launchMode
		ADDED from src\main\AndroidManifest.xml:236:13-44
	android:hardwareAccelerated
		ADDED from src\main\AndroidManifest.xml:237:13-47
	android:windowSoftInputMode
		ADDED from src\main\AndroidManifest.xml:240:13-55
	android:configChanges
		ADDED from src\main\AndroidManifest.xml:234:13-83
	android:theme
		ADDED from src\main\AndroidManifest.xml:238:13-52
	android:name
		ADDED from src\main\AndroidManifest.xml:233:13-50
intent-filter#action:name:android.intent.action.MAIN+category:name:android.intent.category.LAUNCHER
ADDED from src\main\AndroidManifest.xml:241:13-245:29
action#android.intent.action.MAIN
ADDED from src\main\AndroidManifest.xml:242:17-69
	android:name
		ADDED from src\main\AndroidManifest.xml:242:25-66
category#android.intent.category.LAUNCHER
ADDED from src\main\AndroidManifest.xml:244:17-77
	android:name
		ADDED from src\main\AndroidManifest.xml:244:27-74
activity#io.dcloud.PandoraEntryActivity
ADDED from src\main\AndroidManifest.xml:247:9-256:20
	android:screenOrientation
		ADDED from src\main\AndroidManifest.xml:253:13-45
	android:label
		ADDED from src\main\AndroidManifest.xml:251:13-33
	android:launchMode
		ADDED from src\main\AndroidManifest.xml:252:13-44
	android:hardwareAccelerated
		ADDED from src\main\AndroidManifest.xml:250:13-47
	android:windowSoftInputMode
		ADDED from src\main\AndroidManifest.xml:255:13-55
	android:configChanges
		ADDED from src\main\AndroidManifest.xml:249:13-112
	android:theme
		ADDED from src\main\AndroidManifest.xml:254:13-47
	android:name
		ADDED from src\main\AndroidManifest.xml:248:13-58
service#io.dcloud.common.adapter.io.MiniServerService
ADDED from src\main\AndroidManifest.xml:258:9-260:39
	android:exported
		ADDED from src\main\AndroidManifest.xml:260:13-36
	android:name
		ADDED from src\main\AndroidManifest.xml:259:13-73
activity#io.dcloud.imagepick.CustomGalleryActivity
ADDED from src\main\AndroidManifest.xml:262:9-269:20
	android:name
		ADDED from src\main\AndroidManifest.xml:262:19-75
intent-filter#action:name:io.dcloud.ACTION_MULTIPLE_PICK+action:name:io.dcloud.ACTION_PICK+category:name:android.intent.category.DEFAULT
ADDED from src\main\AndroidManifest.xml:263:13-268:29
action#io.dcloud.ACTION_PICK
ADDED from src\main\AndroidManifest.xml:264:17-64
	android:name
		ADDED from src\main\AndroidManifest.xml:264:25-61
action#io.dcloud.ACTION_MULTIPLE_PICK
ADDED from src\main\AndroidManifest.xml:265:17-73
	android:name
		ADDED from src\main\AndroidManifest.xml:265:25-70
category#android.intent.category.DEFAULT
ADDED from src\main\AndroidManifest.xml:267:17-76
	android:name
		ADDED from src\main\AndroidManifest.xml:267:27-73
meta-data#UMENG_APPKEY
ADDED from src\main\AndroidManifest.xml:279:9-281:44
	android:value
		ADDED from src\main\AndroidManifest.xml:281:13-41
	android:name
		ADDED from src\main\AndroidManifest.xml:280:13-40
meta-data#UMENG_CHANNEL
ADDED from src\main\AndroidManifest.xml:282:9-284:42
	android:value
		ADDED from src\main\AndroidManifest.xml:284:13-39
	android:name
		ADDED from src\main\AndroidManifest.xml:283:13-41
meta-data#com.baidu.lbsapi.API_KEY
ADDED from src\main\AndroidManifest.xml:290:9-293:21
	android:value
		ADDED from src\main\AndroidManifest.xml:292:13-61
	android:name
		ADDED from src\main\AndroidManifest.xml:291:13-52
service#com.baidu.location.f
ADDED from src\main\AndroidManifest.xml:295:9-299:19
	android:process
		ADDED from src\main\AndroidManifest.xml:298:13-38
	android:enabled
		ADDED from src\main\AndroidManifest.xml:297:13-35
	android:name
		ADDED from src\main\AndroidManifest.xml:296:13-48
meta-data#com.amap.api.v2.apikey
ADDED from src\main\AndroidManifest.xml:304:9-306:46
	android:value
		ADDED from src\main\AndroidManifest.xml:306:13-43
	android:name
		ADDED from src\main\AndroidManifest.xml:305:13-50
meta-data#QQ_APPID
ADDED from src\main\AndroidManifest.xml:311:9-313:37
	android:value
		ADDED from src\main\AndroidManifest.xml:313:13-34
	android:name
		ADDED from src\main\AndroidManifest.xml:312:13-36
activity#com.tencent.tauth.AuthActivity
ADDED from src\main\AndroidManifest.xml:315:9-327:20
	android:launchMode
		ADDED from src\main\AndroidManifest.xml:317:13-44
	android:noHistory
		ADDED from src\main\AndroidManifest.xml:318:13-37
	android:name
		ADDED from src\main\AndroidManifest.xml:316:13-58
intent-filter#action:name:android.intent.action.VIEW+category:name:android.intent.category.BROWSABLE+category:name:android.intent.category.DEFAULT+data:scheme:appid
ADDED from src\main\AndroidManifest.xml:319:13-326:29
action#android.intent.action.VIEW
ADDED from src\main\AndroidManifest.xml:320:17-69
	android:name
		ADDED from src\main\AndroidManifest.xml:320:25-66
category#android.intent.category.BROWSABLE
ADDED from src\main\AndroidManifest.xml:323:17-78
	android:name
		ADDED from src\main\AndroidManifest.xml:323:27-75
data
ADDED from src\main\AndroidManifest.xml:325:17-48
	android:scheme
		ADDED from src\main\AndroidManifest.xml:325:23-45
activity#com.tencent.connect.common.AssistActivity
ADDED from src\main\AndroidManifest.xml:328:9-331:75
	android:screenOrientation
		ADDED from src\main\AndroidManifest.xml:330:13-49
	android:theme
		ADDED from src\main\AndroidManifest.xml:331:13-72
	android:name
		ADDED from src\main\AndroidManifest.xml:329:13-69
meta-data#IFLY_APPKEY
ADDED from src\main\AndroidManifest.xml:343:9-345:40
	android:value
		ADDED from src\main\AndroidManifest.xml:345:13-37
	android:name
		ADDED from src\main\AndroidManifest.xml:344:13-39
meta-data#PUSH_APPID
ADDED from src\main\AndroidManifest.xml:355:9-86
	android:value
		ADDED from src\main\AndroidManifest.xml:355:46-84
	android:name
		ADDED from src\main\AndroidManifest.xml:355:20-45
meta-data#PUSH_APPKEY
ADDED from src\main\AndroidManifest.xml:356:9-87
	android:value
		ADDED from src\main\AndroidManifest.xml:356:47-85
	android:name
		ADDED from src\main\AndroidManifest.xml:356:20-46
meta-data#PUSH_APPSECRET
ADDED from src\main\AndroidManifest.xml:357:9-90
	android:value
		ADDED from src\main\AndroidManifest.xml:357:50-88
	android:name
		ADDED from src\main\AndroidManifest.xml:357:20-49
service#com.igexin.sdk.PushService
ADDED from src\main\AndroidManifest.xml:358:9-366:19
	android:process
		ADDED from src\main\AndroidManifest.xml:362:13-43
	android:label
		ADDED from src\main\AndroidManifest.xml:361:13-47
	android:exported
		ADDED from src\main\AndroidManifest.xml:360:13-36
	android:name
		ADDED from src\main\AndroidManifest.xml:359:13-54
intent-filter#action:name:com.igexin.sdk.action.service.message
ADDED from src\main\AndroidManifest.xml:363:13-365:29
action#com.igexin.sdk.action.service.message
ADDED from src\main\AndroidManifest.xml:364:17-79
	android:name
		ADDED from src\main\AndroidManifest.xml:364:25-77
receiver#com.igexin.sdk.PushReceiver
ADDED from src\main\AndroidManifest.xml:367:9-377:20
	android:name
		ADDED from src\main\AndroidManifest.xml:367:19-61
intent-filter#action:name:android.intent.action.ACTION_POWER_CONNECTED+action:name:android.intent.action.ACTION_POWER_DISCONNECTED+action:name:android.intent.action.BOOT_COMPLETED+action:name:android.intent.action.MEDIA_MOUNTED+action:name:android.intent.action.USER_PRESENT+action:name:android.net.conn.CONNECTIVITY_CHANGE+action:name:com.igexin.sdk.action.refreshls
ADDED from src\main\AndroidManifest.xml:368:13-376:29
action#android.intent.action.BOOT_COMPLETED
ADDED from src\main\AndroidManifest.xml:369:17-78
	android:name
		ADDED from src\main\AndroidManifest.xml:369:25-76
action#android.net.conn.CONNECTIVITY_CHANGE
ADDED from src\main\AndroidManifest.xml:370:17-78
	android:name
		ADDED from src\main\AndroidManifest.xml:370:25-76
action#android.intent.action.USER_PRESENT
ADDED from src\main\AndroidManifest.xml:371:17-76
	android:name
		ADDED from src\main\AndroidManifest.xml:371:25-74
action#com.igexin.sdk.action.refreshls
ADDED from src\main\AndroidManifest.xml:372:17-73
	android:name
		ADDED from src\main\AndroidManifest.xml:372:25-71
action#android.intent.action.MEDIA_MOUNTED
ADDED from src\main\AndroidManifest.xml:373:17-77
	android:name
		ADDED from src\main\AndroidManifest.xml:373:25-75
action#android.intent.action.ACTION_POWER_CONNECTED
ADDED from src\main\AndroidManifest.xml:374:17-86
	android:name
		ADDED from src\main\AndroidManifest.xml:374:25-84
action#android.intent.action.ACTION_POWER_DISCONNECTED
ADDED from src\main\AndroidManifest.xml:375:17-89
	android:name
		ADDED from src\main\AndroidManifest.xml:375:25-87
activity#com.igexin.sdk.PushActivity
ADDED from src\main\AndroidManifest.xml:378:9-384:74
	android:process
		ADDED from src\main\AndroidManifest.xml:382:13-43
	android:excludeFromRecents
		ADDED from src\main\AndroidManifest.xml:380:13-46
	android:exported
		ADDED from src\main\AndroidManifest.xml:381:13-37
	android:theme
		ADDED from src\main\AndroidManifest.xml:384:13-72
	android:taskAffinity
		ADDED from src\main\AndroidManifest.xml:383:13-67
	android:name
		ADDED from src\main\AndroidManifest.xml:379:13-55
activity#com.igexin.sdk.GActivity
ADDED from src\main\AndroidManifest.xml:385:9-391:74
	android:process
		ADDED from src\main\AndroidManifest.xml:389:13-43
	android:excludeFromRecents
		ADDED from src\main\AndroidManifest.xml:387:13-46
	android:exported
		ADDED from src\main\AndroidManifest.xml:388:13-36
	android:theme
		ADDED from src\main\AndroidManifest.xml:391:13-72
	android:taskAffinity
		ADDED from src\main\AndroidManifest.xml:390:13-67
	android:name
		ADDED from src\main\AndroidManifest.xml:386:13-52
receiver#io.dcloud.feature.apsGt.GTNotificationReceiver
ADDED from src\main\AndroidManifest.xml:393:9-401:20
	android:name
		ADDED from src\main\AndroidManifest.xml:393:19-80
intent-filter#action:name:android.intent.action.BOOT_COMPLETED+action:name:io.dcloud.jiahucustomer.__CLEAR_NOTIFICATION+action:name:io.dcloud.jiahucustomer.__CLILK_NOTIFICATION+action:name:io.dcloud.jiahucustomer.__CREATE_NOTIFICATION+action:name:io.dcloud.jiahucustomer.__REMOVE_NOTIFICATION
ADDED from src\main\AndroidManifest.xml:394:13-400:29
action#io.dcloud.jiahucustomer.__CREATE_NOTIFICATION
ADDED from src\main\AndroidManifest.xml:396:17-87
	android:name
		ADDED from src\main\AndroidManifest.xml:396:25-85
action#io.dcloud.jiahucustomer.__REMOVE_NOTIFICATION
ADDED from src\main\AndroidManifest.xml:397:17-87
	android:name
		ADDED from src\main\AndroidManifest.xml:397:25-85
action#io.dcloud.jiahucustomer.__CLEAR_NOTIFICATION
ADDED from src\main\AndroidManifest.xml:398:17-86
	android:name
		ADDED from src\main\AndroidManifest.xml:398:25-84
action#io.dcloud.jiahucustomer.__CLILK_NOTIFICATION
ADDED from src\main\AndroidManifest.xml:399:17-86
	android:name
		ADDED from src\main\AndroidManifest.xml:399:25-84
service#io.dcloud.feature.apsGt.GTNormalIntentService
ADDED from src\main\AndroidManifest.xml:402:9-403:75
	android:name
		ADDED from src\main\AndroidManifest.xml:403:13-73
service#io.dcloud.feature.apsGt.GTNormalPushService
ADDED from src\main\AndroidManifest.xml:404:9-409:19
	android:process
		ADDED from src\main\AndroidManifest.xml:408:13-43
	android:label
		ADDED from src\main\AndroidManifest.xml:407:13-40
	android:exported
		ADDED from src\main\AndroidManifest.xml:406:13-36
	android:name
		ADDED from src\main\AndroidManifest.xml:405:13-71
meta-data#SINA_REDIRECT_URI
ADDED from src\main\AndroidManifest.xml:416:9-418:73
	android:value
		ADDED from src\main\AndroidManifest.xml:418:13-70
	android:name
		ADDED from src\main\AndroidManifest.xml:417:13-45
meta-data#SINA_SECRET
ADDED from src\main\AndroidManifest.xml:419:9-421:64
	android:value
		ADDED from src\main\AndroidManifest.xml:421:13-61
	android:name
		ADDED from src\main\AndroidManifest.xml:420:13-39
meta-data#SINA_APPKEY
ADDED from src\main\AndroidManifest.xml:422:9-424:43
	android:value
		ADDED from src\main\AndroidManifest.xml:424:13-40
	android:name
		ADDED from src\main\AndroidManifest.xml:423:13-39
activity#com.sina.weibo.sdk.web.WeiboSdkWebActivity
ADDED from src\main\AndroidManifest.xml:426:9-431:16
	android:windowSoftInputMode
		ADDED from src\main\AndroidManifest.xml:430:9-51
	android:exported
		ADDED from src\main\AndroidManifest.xml:429:9-33
	android:configChanges
		ADDED from src\main\AndroidManifest.xml:428:9-59
	android:name
		ADDED from src\main\AndroidManifest.xml:427:9-66
activity#com.sina.weibo.sdk.share.WbShareTransActivity
ADDED from src\main\AndroidManifest.xml:433:5-442:16
	android:launchMode
		ADDED from src\main\AndroidManifest.xml:435:9-40
	android:theme
		ADDED from src\main\AndroidManifest.xml:436:9-79
	android:name
		ADDED from src\main\AndroidManifest.xml:434:9-69
intent-filter#action:name:com.sina.weibo.sdk.action.ACTION_SDK_REQ_ACTIVITY+category:name:android.intent.category.DEFAULT
ADDED from src\main\AndroidManifest.xml:437:9-441:25
action#com.sina.weibo.sdk.action.ACTION_SDK_REQ_ACTIVITY
ADDED from src\main\AndroidManifest.xml:438:13-88
	android:name
		ADDED from src\main\AndroidManifest.xml:438:21-85
meta-data#TENCENT_REDIRECT_URI
ADDED from src\main\AndroidManifest.xml:445:9-447:51
	android:value
		ADDED from src\main\AndroidManifest.xml:447:13-48
	android:name
		ADDED from src\main\AndroidManifest.xml:446:13-48
meta-data#TENCENT_SECRET
ADDED from src\main\AndroidManifest.xml:448:9-450:51
	android:value
		ADDED from src\main\AndroidManifest.xml:450:13-48
	android:name
		ADDED from src\main\AndroidManifest.xml:449:13-42
meta-data#TENCENT_APPKEY
ADDED from src\main\AndroidManifest.xml:451:9-453:63
	android:value
		ADDED from src\main\AndroidManifest.xml:453:13-60
	android:name
		ADDED from src\main\AndroidManifest.xml:452:13-42
activity#io.dcloud.share.tencent.WebAuthorize
ADDED from src\main\AndroidManifest.xml:455:9-458:20
	android:theme
		ADDED from src\main\AndroidManifest.xml:457:13-60
	android:name
		ADDED from src\main\AndroidManifest.xml:456:13-64
meta-data#WX_SECRET
ADDED from src\main\AndroidManifest.xml:460:9-462:64
	android:value
		ADDED from src\main\AndroidManifest.xml:462:13-61
	android:name
		ADDED from src\main\AndroidManifest.xml:461:13-37
meta-data#WX_APPID
ADDED from src\main\AndroidManifest.xml:463:9-465:50
	android:value
		ADDED from src\main\AndroidManifest.xml:465:13-47
	android:name
		ADDED from src\main\AndroidManifest.xml:464:13-36
activity#io.dcloud.jiahucustomer.wxapi.WXEntryActivity
ADDED from src\main\AndroidManifest.xml:467:9-480:20
	android:label
		ADDED from src\main\AndroidManifest.xml:470:13-45
	android:launchMode
		ADDED from src\main\AndroidManifest.xml:471:13-43
	android:exported
		ADDED from src\main\AndroidManifest.xml:469:13-36
	android:theme
		ADDED from src\main\AndroidManifest.xml:472:13-72
	android:name
		ADDED from src\main\AndroidManifest.xml:468:13-73
intent-filter#action:name:android.intent.action.VIEW+category:name:android.intent.category.DEFAULT+data:scheme:wx4fec61bb555d192b
ADDED from src\main\AndroidManifest.xml:473:13-479:29
activity#com.alipay.sdk.app.H5PayActivity
ADDED from src\main\AndroidManifest.xml:483:9-489:20
	android:screenOrientation
		ADDED from src\main\AndroidManifest.xml:487:13-47
	android:windowSoftInputMode
		ADDED from src\main\AndroidManifest.xml:488:13-67
	android:exported
		ADDED from src\main\AndroidManifest.xml:486:13-37
	android:configChanges
		ADDED from src\main\AndroidManifest.xml:485:13-74
	android:name
		ADDED from src\main\AndroidManifest.xml:484:13-60
activity#com.alipay.sdk.auth.AuthActivity
ADDED from src\main\AndroidManifest.xml:490:9-495:20
	android:screenOrientation
		ADDED from src\main\AndroidManifest.xml:494:13-47
	android:exported
		ADDED from src\main\AndroidManifest.xml:493:13-37
	android:configChanges
		ADDED from src\main\AndroidManifest.xml:492:13-74
	android:name
		ADDED from src\main\AndroidManifest.xml:491:13-60
activity#io.dcloud.wxapi.WXPayEntryActivity
ADDED from src\main\AndroidManifest.xml:500:9-504:75
	android:launchMode
		ADDED from src\main\AndroidManifest.xml:503:13-43
	android:exported
		ADDED from src\main\AndroidManifest.xml:502:13-36
	android:theme
		ADDED from src\main\AndroidManifest.xml:504:13-72
	android:name
		ADDED from src\main\AndroidManifest.xml:501:13-62
meta-data#MIUI_APPID
ADDED from src\main\AndroidManifest.xml:512:9-75
	android:value
		ADDED from src\main\AndroidManifest.xml:512:20-47
	android:name
		ADDED from src\main\AndroidManifest.xml:512:48-73
meta-data#MIUI_APPSECRET
ADDED from src\main\AndroidManifest.xml:513:9-82
	android:value
		ADDED from src\main\AndroidManifest.xml:513:20-50
	android:name
		ADDED from src\main\AndroidManifest.xml:513:51-80
meta-data#MIUI_REDIRECT_URI
ADDED from src\main\AndroidManifest.xml:514:9-80
	android:value
		ADDED from src\main\AndroidManifest.xml:514:20-45
	android:name
		ADDED from src\main\AndroidManifest.xml:514:46-78
activity#com.xiaomi.account.openauth.AuthorizeActivity
ADDED from src\main\AndroidManifest.xml:515:9-81
	android:name
		ADDED from src\main\AndroidManifest.xml:515:19-79